[0m10:42:40.794687 [debug] [MainThread]: Sending event: {'category': 'dbt', 'action': 'invocation', 'label': 'start', 'context': [<snowplow_tracker.self_describing_json.SelfDescribingJson object at 0x725ce5a279b0>, <snowplow_tracker.self_describing_json.SelfDescribingJson object at 0x725ce70c7770>, <snowplow_tracker.self_describing_json.SelfDescribingJson object at 0x725ce53c2f30>]}


============================== 10:42:40.803740 | 0d755b02-a236-41c8-8ceb-28af928dfe60 ==============================
[0m10:42:40.803740 [info ] [MainThread]: Running with dbt=1.9.4
[0m10:42:40.804998 [debug] [MainThread]: running dbt with arguments {'printer_width': '80', 'indirect_selection': 'eager', 'log_cache_events': 'False', 'write_json': 'True', 'partial_parse': 'True', 'cache_selected_only': 'False', 'warn_error': 'None', 'fail_fast': 'False', 'profiles_dir': '/home/mary/.dbt', 'log_path': 'logs', 'version_check': 'True', 'debug': 'False', 'use_colors': 'True', 'use_experimental_parser': 'False', 'empty': 'None', 'quiet': 'False', 'no_print': 'None', 'warn_error_options': 'WarnErrorOptions(include=[], exclude=[])', 'static_parser': 'True', 'log_format': 'default', 'introspect': 'True', 'target_path': 'None', 'invocation_command': 'dbt init pg_dbt', 'send_anonymous_usage_stats': 'True'}
[0m10:42:40.827672 [warn ] [MainThread]: [ConfigFolderDirectory]: Unable to parse logging event dictionary. Failed to parse dir field: expected string or bytes-like object, got 'PosixPath'.. Dictionary: {'dir': PosixPath('/home/mary/.dbt')}
[0m10:42:40.830166 [info ] [MainThread]: Creating dbt configuration folder at 
[0m10:42:40.850997 [debug] [MainThread]: Starter project path: /home/mary/PycharmProjects/DbtSimbir/.venv/lib/python3.12/site-packages/dbt/include/starter_project
[0m10:42:40.867220 [info ] [MainThread]: 
Your new dbt project "pg_dbt" was created!

For more information on how to configure the profiles.yml file,
please consult the dbt documentation here:

  https://docs.getdbt.com/docs/configure-your-profile

One more thing:

Need help? Don't hesitate to reach out to us via GitHub issues or on Slack:

  https://community.getdbt.com/

Happy modeling!

[0m10:42:40.869953 [info ] [MainThread]: Setting up your profile.
[0m10:43:50.547747 [info ] [MainThread]: Profile pg_dbt written to /home/mary/.dbt/profiles.yml using target's profile_template.yml and your supplied values. Run 'dbt debug' to validate the connection.
[0m10:43:50.594065 [debug] [MainThread]: Resource report: {"command_name": "init", "command_success": true, "command_wall_clock_time": 69.91752, "process_in_blocks": "360", "process_kernel_time": 0.400093, "process_mem_max_rss": "100280", "process_out_blocks": "80", "process_user_time": 2.526078}
[0m10:43:50.595397 [debug] [MainThread]: Command `dbt init` succeeded at 10:43:50.595099 after 69.92 seconds
[0m10:43:50.596377 [debug] [MainThread]: Sending event: {'category': 'dbt', 'action': 'invocation', 'label': 'end', 'context': [<snowplow_tracker.self_describing_json.SelfDescribingJson object at 0x725ce5643980>, <snowplow_tracker.self_describing_json.SelfDescribingJson object at 0x725ce5200800>, <snowplow_tracker.self_describing_json.SelfDescribingJson object at 0x725ce91b3fe0>]}
[0m10:43:50.597414 [debug] [MainThread]: Flushing usage events
[0m10:43:51.743054 [debug] [MainThread]: An error was encountered while trying to flush usage events
